E:\07.ZHINENGYINGJIAN\OPTICAL SENSOR\CODE\SIM\PJT\SIM_GESTURE\DEBUG\SIM_GESTURE.EXE
E:\07.ZHINENGYINGJIAN\OPTICAL SENSOR\CODE\SIM\PJT\SIM_GESTURE\DEBUG\SIM_GESTURE.ILK
E:\07.ZHINENGYINGJIAN\OPTICAL SENSOR\CODE\SIM\PJT\SIM_GESTURE\DEBUG\SIM_GESTURE.PDB
E:\07.zhinengyingjian\optical sensor\code\sim\pjt\sim_gesture\sim_gesture\Debug\cl.command.1.tlog
E:\07.zhinengyingjian\optical sensor\code\sim\pjt\sim_gesture\sim_gesture\Debug\CL.read.1.tlog
E:\07.zhinengyingjian\optical sensor\code\sim\pjt\sim_gesture\sim_gesture\Debug\CL.write.1.tlog
E:\07.ZHINENGYINGJIAN\OPTICAL SENSOR\CODE\SIM\PJT\SIM_GESTURE\SIM_GESTURE\DEBUG\FOREGROUND.OBJ
E:\07.zhinengyingjian\optical sensor\code\sim\pjt\sim_gesture\sim_gesture\Debug\link.command.1.tlog
E:\07.zhinengyingjian\optical sensor\code\sim\pjt\sim_gesture\sim_gesture\Debug\link.read.1.tlog
E:\07.zhinengyingjian\optical sensor\code\sim\pjt\sim_gesture\sim_gesture\Debug\link.write.1.tlog
E:\07.ZHINENGYINGJIAN\OPTICAL SENSOR\CODE\SIM\PJT\SIM_GESTURE\SIM_GESTURE\DEBUG\MAIN.OBJ
E:\07.zhinengyingjian\optical sensor\code\sim\pjt\sim_gesture\sim_gesture\Debug\mt.command.1.tlog
E:\07.zhinengyingjian\optical sensor\code\sim\pjt\sim_gesture\sim_gesture\Debug\mt.read.1.tlog
E:\07.zhinengyingjian\optical sensor\code\sim\pjt\sim_gesture\sim_gesture\Debug\mt.write.1.tlog
E:\07.ZHINENGYINGJIAN\OPTICAL SENSOR\CODE\SIM\PJT\SIM_GESTURE\SIM_GESTURE\DEBUG\NPI.OBJ
E:\07.ZHINENGYINGJIAN\OPTICAL SENSOR\CODE\SIM\PJT\SIM_GESTURE\SIM_GESTURE\DEBUG\SI114X_DEBUG.OBJ
E:\07.ZHINENGYINGJIAN\OPTICAL SENSOR\CODE\SIM\PJT\SIM_GESTURE\SIM_GESTURE\DEBUG\SI114X_HANDLER.OBJ
E:\07.ZHINENGYINGJIAN\OPTICAL SENSOR\CODE\SIM\PJT\SIM_GESTURE\SIM_GESTURE\DEBUG\SI114X_PGM_TOOLKIT.OBJ
E:\07.ZHINENGYINGJIAN\OPTICAL SENSOR\CODE\SIM\PJT\SIM_GESTURE\SIM_GESTURE\DEBUG\SI114X_SYS_OUT.OBJ
E:\07.ZHINENGYINGJIAN\OPTICAL SENSOR\CODE\SIM\PJT\SIM_GESTURE\SIM_GESTURE\DEBUG\SIM_GESTURE.EXE.INTERMEDIATE.MANIFEST
E:\07.zhinengyingjian\optical sensor\code\sim\pjt\sim_gesture\sim_gesture\Debug\sim_gesture.write.1.tlog
E:\07.zhinengyingjian\optical sensor\code\sim\pjt\sim_gesture\sim_gesture\Debug\vc100.idb
E:\07.ZHINENGYINGJIAN\OPTICAL SENSOR\CODE\SIM\PJT\SIM_GESTURE\SIM_GESTURE\DEBUG\VC100.PDB
